<?xml version="1.0" encoding="UTF-8"?>
<!-- Generated by org.testng.reporters.JUnitReportReporter -->
<testsuite hostname="SantoshMolkire" name="com.qa.OrangeHRM.testcases.DashBoardPageTest" tests="1" failures="0" timestamp="20 Dec 2018 13:34:30 GMT" time="16.792" errors="0">
  <testcase name="clickOnUser" time="16.792" classname="com.qa.OrangeHRM.testcases.DashBoardPageTest"/>
</testsuite> <!-- com.qa.OrangeHRM.testcases.DashBoardPageTest -->
